<?xml version="1.0" encoding="UTF-8"?>
<!-- Generated by org.testng.reporters.JUnitXMLReporter -->
<testsuite hostname="Hema-PC" name="Default test" tests="4" failures="0" timestamp="12 Feb 2015 18:22:08 GMT" time="66.254" errors="0">
  <testcase name="login" time="0.04" classname="com.Prowareness.CompleteTestCase"/>
  <testcase name="NavigateToTaskBoard" time="5.49" classname="com.Prowareness.CompleteTestCase"/>
  <testcase name="DragToInProcess" time="0.0" classname="com.Prowareness.CompleteTestCase"/>
  <testcase name="DragToDone" time="7.691" classname="com.Prowareness.CompleteTestCase"/>
</testsuite> <!-- Default test -->
